2025-06-13 16:37:47,042 - INFO - Main process PID: 551478 written to matmul_worker.pid
2025-06-13 16:37:47,083 - INFO - Keep awake program now running with 3 CPU workers and 4 GPU workers.
2025-06-13 16:37:48,398 - INFO - [CPU Worker 2] running, PID: 551570
2025-06-13 16:37:48,459 - INFO - [CPU Worker 1] running, PID: 551569
2025-06-13 16:37:48,547 - INFO - [CPU Worker 0] running, PID: 551568
2025-06-13 16:37:48,586 - INFO - [GPU Worker] GPU 0 running, PID: 551571
2025-06-13 16:37:48,644 - INFO - [GPU Worker] GPU 2 running, PID: 551573
2025-06-13 16:37:48,683 - INFO - [GPU Worker] GPU 3 running, PID: 551574
2025-06-13 16:37:48,860 - INFO - [GPU Worker] GPU 1 running, PID: 551572
2025-06-13 16:37:50,443 - INFO - [GPU Worker] GPU 0 had completed 50 matmul operations
2025-06-13 16:37:50,572 - INFO - [GPU Worker] GPU 1 had completed 50 matmul operations
2025-06-13 16:37:50,943 - INFO - [GPU Worker] GPU 2 had completed 50 matmul operations
2025-06-13 16:37:50,976 - INFO - [GPU Worker] GPU 3 had completed 50 matmul operations
2025-06-13 16:37:52,344 - INFO - [GPU Worker] GPU 0 had completed 100 matmul operations
2025-06-13 16:37:52,450 - INFO - [GPU Worker] GPU 1 had completed 100 matmul operations
2025-06-13 16:37:52,954 - INFO - [GPU Worker] GPU 3 had completed 100 matmul operations
2025-06-13 16:37:52,957 - INFO - [GPU Worker] GPU 2 had completed 100 matmul operations
2025-06-13 16:37:54,244 - INFO - [GPU Worker] GPU 0 had completed 150 matmul operations
2025-06-13 16:37:54,357 - INFO - [GPU Worker] GPU 1 had completed 150 matmul operations
2025-06-13 16:37:54,844 - INFO - [GPU Worker] GPU 3 had completed 150 matmul operations
2025-06-13 16:37:54,944 - INFO - [GPU Worker] GPU 2 had completed 150 matmul operations
2025-06-13 16:37:56,144 - INFO - [GPU Worker] GPU 0 had completed 200 matmul operations
2025-06-13 16:37:56,244 - INFO - [GPU Worker] GPU 1 had completed 200 matmul operations
2025-06-13 16:37:56,760 - INFO - [GPU Worker] GPU 3 had completed 200 matmul operations
2025-06-13 16:37:56,942 - INFO - [GPU Worker] GPU 2 had completed 200 matmul operations
2025-06-13 16:37:58,053 - INFO - [GPU Worker] GPU 0 had completed 250 matmul operations
2025-06-13 16:37:58,160 - INFO - [GPU Worker] GPU 1 had completed 250 matmul operations
2025-06-13 16:37:58,660 - INFO - [GPU Worker] GPU 3 had completed 250 matmul operations
2025-06-13 16:37:58,877 - INFO - [GPU Worker] GPU 2 had completed 250 matmul operations
2025-06-13 16:37:59,944 - INFO - [GPU Worker] GPU 0 had completed 300 matmul operations
2025-06-13 16:38:00,057 - INFO - [GPU Worker] GPU 1 had completed 300 matmul operations
2025-06-13 16:38:00,558 - INFO - [GPU Worker] GPU 3 had completed 300 matmul operations
2025-06-13 16:38:00,870 - INFO - [GPU Worker] GPU 2 had completed 300 matmul operations
2025-06-13 16:38:01,843 - INFO - [GPU Worker] GPU 0 had completed 350 matmul operations
2025-06-13 16:38:01,946 - INFO - [GPU Worker] GPU 1 had completed 350 matmul operations
2025-06-13 16:38:02,466 - INFO - [GPU Worker] GPU 3 had completed 350 matmul operations
2025-06-13 16:38:02,844 - INFO - [GPU Worker] GPU 2 had completed 350 matmul operations
2025-06-13 16:38:03,744 - INFO - [GPU Worker] GPU 0 had completed 400 matmul operations
2025-06-13 16:38:03,855 - INFO - [GPU Worker] GPU 1 had completed 400 matmul operations
2025-06-13 16:38:04,368 - INFO - [GPU Worker] GPU 3 had completed 400 matmul operations
2025-06-13 16:38:04,780 - INFO - [GPU Worker] GPU 2 had completed 400 matmul operations
2025-06-13 16:38:05,644 - INFO - [GPU Worker] GPU 0 had completed 450 matmul operations
2025-06-13 16:38:05,759 - INFO - [GPU Worker] GPU 1 had completed 450 matmul operations
2025-06-13 16:38:06,286 - INFO - [GPU Worker] GPU 3 had completed 450 matmul operations
2025-06-13 16:38:06,744 - INFO - [GPU Worker] GPU 2 had completed 450 matmul operations
2025-06-13 16:38:07,552 - INFO - [GPU Worker] GPU 0 had completed 500 matmul operations
2025-06-13 16:38:07,650 - INFO - [GPU Worker] GPU 1 had completed 500 matmul operations
2025-06-13 16:38:08,243 - INFO - [GPU Worker] GPU 3 had completed 500 matmul operations
2025-06-13 16:38:08,671 - INFO - [GPU Worker] GPU 2 had completed 500 matmul operations
2025-06-13 16:38:09,444 - INFO - [GPU Worker] GPU 0 had completed 550 matmul operations
2025-06-13 16:38:09,548 - INFO - [GPU Worker] GPU 1 had completed 550 matmul operations
2025-06-13 16:38:10,143 - INFO - [GPU Worker] GPU 3 had completed 550 matmul operations
2025-06-13 16:38:10,644 - INFO - [GPU Worker] GPU 2 had completed 550 matmul operations
2025-06-13 16:38:11,353 - INFO - [GPU Worker] GPU 0 had completed 600 matmul operations
2025-06-13 16:38:11,448 - INFO - [GPU Worker] GPU 1 had completed 600 matmul operations
2025-06-13 16:38:12,044 - INFO - [GPU Worker] GPU 3 had completed 600 matmul operations
2025-06-13 16:38:12,576 - INFO - [GPU Worker] GPU 2 had completed 600 matmul operations
2025-06-13 16:38:13,244 - INFO - [GPU Worker] GPU 0 had completed 650 matmul operations
2025-06-13 16:38:13,347 - INFO - [GPU Worker] GPU 1 had completed 650 matmul operations
2025-06-13 16:38:13,944 - INFO - [GPU Worker] GPU 3 had completed 650 matmul operations
2025-06-13 16:38:14,558 - INFO - [GPU Worker] GPU 2 had completed 650 matmul operations
2025-06-13 16:38:15,145 - INFO - [GPU Worker] GPU 0 had completed 700 matmul operations
2025-06-13 16:38:15,249 - INFO - [GPU Worker] GPU 1 had completed 700 matmul operations
2025-06-13 16:38:15,844 - INFO - [GPU Worker] GPU 3 had completed 700 matmul operations
2025-06-13 16:38:16,469 - INFO - [CPU Worker 2] had completed 100 matmul operations
2025-06-13 16:38:16,567 - INFO - [GPU Worker] GPU 2 had completed 700 matmul operations
2025-06-13 16:38:17,045 - INFO - [GPU Worker] GPU 0 had completed 750 matmul operations
2025-06-13 16:38:17,162 - INFO - [GPU Worker] GPU 1 had completed 750 matmul operations
2025-06-13 16:38:17,441 - INFO - [CPU Worker 1] had completed 100 matmul operations
2025-06-13 16:38:17,777 - INFO - [CPU Worker 0] had completed 100 matmul operations
2025-06-13 16:38:17,779 - INFO - [GPU Worker] GPU 3 had completed 750 matmul operations
2025-06-13 16:38:18,544 - INFO - [GPU Worker] GPU 2 had completed 750 matmul operations
2025-06-13 16:38:18,944 - INFO - [GPU Worker] GPU 0 had completed 800 matmul operations
2025-06-13 16:38:19,064 - INFO - [GPU Worker] GPU 1 had completed 800 matmul operations
2025-06-13 16:38:19,757 - INFO - [GPU Worker] GPU 3 had completed 800 matmul operations
2025-06-13 16:38:20,545 - INFO - [GPU Worker] GPU 2 had completed 800 matmul operations
2025-06-13 16:38:20,845 - INFO - [GPU Worker] GPU 0 had completed 850 matmul operations
2025-06-13 16:38:20,961 - INFO - [GPU Worker] GPU 1 had completed 850 matmul operations
2025-06-13 16:38:21,682 - INFO - [GPU Worker] GPU 3 had completed 850 matmul operations
2025-06-13 16:38:22,489 - INFO - [GPU Worker] GPU 2 had completed 850 matmul operations
2025-06-13 16:38:22,744 - INFO - [GPU Worker] GPU 0 had completed 900 matmul operations
2025-06-13 16:38:22,847 - INFO - [GPU Worker] GPU 1 had completed 900 matmul operations
2025-06-13 16:38:23,643 - INFO - [GPU Worker] GPU 3 had completed 900 matmul operations
2025-06-13 16:38:24,444 - INFO - [GPU Worker] GPU 2 had completed 900 matmul operations
2025-06-13 16:38:24,644 - INFO - [GPU Worker] GPU 0 had completed 950 matmul operations
2025-06-13 16:38:24,743 - INFO - [GPU Worker] GPU 1 had completed 950 matmul operations
2025-06-13 16:38:25,551 - INFO - [GPU Worker] GPU 3 had completed 950 matmul operations
2025-06-13 16:38:26,388 - INFO - [GPU Worker] GPU 2 had completed 950 matmul operations
2025-06-13 16:38:26,551 - INFO - [GPU Worker] GPU 0 had completed 1000 matmul operations
2025-06-13 16:38:26,663 - INFO - [GPU Worker] GPU 1 had completed 1000 matmul operations
2025-06-13 16:38:27,450 - INFO - [GPU Worker] GPU 3 had completed 1000 matmul operations
2025-06-13 16:38:28,343 - INFO - [GPU Worker] GPU 2 had completed 1000 matmul operations
2025-06-13 16:38:28,459 - INFO - [GPU Worker] GPU 0 had completed 1050 matmul operations
2025-06-13 16:38:28,554 - INFO - [GPU Worker] GPU 1 had completed 1050 matmul operations
2025-06-13 16:38:29,360 - INFO - [GPU Worker] GPU 3 had completed 1050 matmul operations
2025-06-13 16:38:30,285 - INFO - [GPU Worker] GPU 2 had completed 1050 matmul operations
2025-06-13 16:38:30,351 - INFO - [GPU Worker] GPU 0 had completed 1100 matmul operations
2025-06-13 16:38:30,459 - INFO - [GPU Worker] GPU 1 had completed 1100 matmul operations
2025-06-13 16:38:31,272 - INFO - [GPU Worker] GPU 3 had completed 1100 matmul operations
2025-06-13 16:38:32,252 - INFO - [GPU Worker] GPU 0 had completed 1150 matmul operations
2025-06-13 16:38:32,252 - INFO - [GPU Worker] GPU 2 had completed 1100 matmul operations
2025-06-13 16:38:32,359 - INFO - [GPU Worker] GPU 1 had completed 1150 matmul operations
2025-06-13 16:38:33,179 - INFO - [GPU Worker] GPU 3 had completed 1150 matmul operations
2025-06-13 16:38:34,169 - INFO - [GPU Worker] GPU 0 had completed 1200 matmul operations
2025-06-13 16:38:34,244 - INFO - [GPU Worker] GPU 2 had completed 1150 matmul operations
2025-06-13 16:38:34,269 - INFO - [GPU Worker] GPU 1 had completed 1200 matmul operations
2025-06-13 16:38:35,085 - INFO - [GPU Worker] GPU 3 had completed 1200 matmul operations
2025-06-13 16:38:36,067 - INFO - [GPU Worker] GPU 0 had completed 1250 matmul operations
2025-06-13 16:38:36,159 - INFO - [GPU Worker] GPU 1 had completed 1250 matmul operations
2025-06-13 16:38:36,260 - INFO - [GPU Worker] GPU 2 had completed 1200 matmul operations
2025-06-13 16:38:37,044 - INFO - [GPU Worker] GPU 3 had completed 1250 matmul operations
2025-06-13 16:38:38,042 - INFO - [GPU Worker] GPU 0 had completed 1300 matmul operations
2025-06-13 16:38:38,059 - INFO - [GPU Worker] GPU 1 had completed 1300 matmul operations
2025-06-13 16:38:38,259 - INFO - [GPU Worker] GPU 2 had completed 1250 matmul operations
2025-06-13 16:38:38,952 - INFO - [GPU Worker] GPU 3 had completed 1300 matmul operations
2025-06-13 16:38:39,951 - INFO - [GPU Worker] GPU 0 had completed 1350 matmul operations
2025-06-13 16:38:39,958 - INFO - [GPU Worker] GPU 1 had completed 1350 matmul operations
2025-06-13 16:38:40,244 - INFO - [GPU Worker] GPU 2 had completed 1300 matmul operations
2025-06-13 16:38:40,857 - INFO - [GPU Worker] GPU 3 had completed 1350 matmul operations
2025-06-13 16:38:41,858 - INFO - [GPU Worker] GPU 0 had completed 1400 matmul operations
2025-06-13 16:38:41,870 - INFO - [GPU Worker] GPU 1 had completed 1400 matmul operations
2025-06-13 16:38:42,249 - INFO - [GPU Worker] GPU 2 had completed 1350 matmul operations
2025-06-13 16:38:42,766 - INFO - [GPU Worker] GPU 3 had completed 1400 matmul operations
2025-06-13 16:38:43,769 - INFO - [GPU Worker] GPU 0 had completed 1450 matmul operations
2025-06-13 16:38:43,774 - INFO - [GPU Worker] GPU 1 had completed 1450 matmul operations
2025-06-13 16:38:44,254 - INFO - [GPU Worker] GPU 2 had completed 1400 matmul operations
2025-06-13 16:38:44,577 - INFO - [CPU Worker 2] had completed 200 matmul operations
2025-06-13 16:38:44,677 - INFO - [GPU Worker] GPU 3 had completed 1450 matmul operations
2025-06-13 16:38:45,742 - INFO - [GPU Worker] GPU 1 had completed 1500 matmul operations
2025-06-13 16:38:45,742 - INFO - [GPU Worker] GPU 0 had completed 1500 matmul operations
2025-06-13 16:38:46,244 - INFO - [GPU Worker] GPU 2 had completed 1450 matmul operations
2025-06-13 16:38:46,345 - INFO - [CPU Worker 1] had completed 200 matmul operations
2025-06-13 16:38:46,659 - INFO - [GPU Worker] GPU 3 had completed 1500 matmul operations
2025-06-13 16:38:46,965 - INFO - [CPU Worker 0] had completed 200 matmul operations
2025-06-13 16:38:47,663 - INFO - [GPU Worker] GPU 1 had completed 1550 matmul operations
2025-06-13 16:38:47,742 - INFO - [GPU Worker] GPU 0 had completed 1550 matmul operations
2025-06-13 16:38:48,259 - INFO - [GPU Worker] GPU 2 had completed 1500 matmul operations
2025-06-13 16:38:48,643 - INFO - [GPU Worker] GPU 3 had completed 1550 matmul operations
2025-06-13 16:38:49,566 - INFO - [GPU Worker] GPU 1 had completed 1600 matmul operations
2025-06-13 16:38:49,686 - INFO - [GPU Worker] GPU 0 had completed 1600 matmul operations
2025-06-13 16:38:50,244 - INFO - [GPU Worker] GPU 2 had completed 1550 matmul operations
2025-06-13 16:38:50,558 - INFO - [GPU Worker] GPU 3 had completed 1600 matmul operations
2025-06-13 16:38:51,472 - INFO - [GPU Worker] GPU 1 had completed 1650 matmul operations
2025-06-13 16:38:51,654 - INFO - [GPU Worker] GPU 0 had completed 1650 matmul operations
2025-06-13 16:38:52,259 - INFO - [GPU Worker] GPU 2 had completed 1600 matmul operations
2025-06-13 16:38:52,474 - INFO - [GPU Worker] GPU 3 had completed 1650 matmul operations
2025-06-13 16:38:53,367 - INFO - [GPU Worker] GPU 1 had completed 1700 matmul operations
2025-06-13 16:38:53,654 - INFO - [GPU Worker] GPU 0 had completed 1700 matmul operations
2025-06-13 16:38:54,244 - INFO - [GPU Worker] GPU 2 had completed 1650 matmul operations
2025-06-13 16:38:54,445 - INFO - [GPU Worker] GPU 3 had completed 1700 matmul operations
2025-06-13 16:38:55,261 - INFO - [GPU Worker] GPU 1 had completed 1750 matmul operations
2025-06-13 16:38:55,647 - INFO - [GPU Worker] GPU 0 had completed 1750 matmul operations
2025-06-13 16:38:56,245 - INFO - [GPU Worker] GPU 2 had completed 1700 matmul operations
2025-06-13 16:38:56,371 - INFO - [GPU Worker] GPU 3 had completed 1750 matmul operations
2025-06-13 16:38:57,158 - INFO - [GPU Worker] GPU 1 had completed 1800 matmul operations
2025-06-13 16:38:57,767 - INFO - [GPU Worker] GPU 0 had completed 1800 matmul operations
2025-06-13 16:38:58,244 - INFO - [GPU Worker] GPU 2 had completed 1750 matmul operations
2025-06-13 16:38:58,342 - INFO - [GPU Worker] GPU 3 had completed 1800 matmul operations
2025-06-13 16:38:59,062 - INFO - [GPU Worker] GPU 1 had completed 1850 matmul operations
2025-06-13 16:38:59,773 - INFO - [GPU Worker] GPU 0 had completed 1850 matmul operations
2025-06-13 16:39:00,244 - INFO - [GPU Worker] GPU 2 had completed 1800 matmul operations
2025-06-13 16:39:00,266 - INFO - [GPU Worker] GPU 3 had completed 1850 matmul operations
2025-06-13 16:39:00,964 - INFO - [GPU Worker] GPU 1 had completed 1900 matmul operations
2025-06-13 16:39:01,744 - INFO - [GPU Worker] GPU 0 had completed 1900 matmul operations
2025-06-13 16:39:02,244 - INFO - [GPU Worker] GPU 3 had completed 1900 matmul operations
2025-06-13 16:39:02,244 - INFO - [GPU Worker] GPU 2 had completed 1850 matmul operations
2025-06-13 16:39:02,874 - INFO - [GPU Worker] GPU 1 had completed 1950 matmul operations
2025-06-13 16:39:03,677 - INFO - [GPU Worker] GPU 0 had completed 1950 matmul operations
2025-06-13 16:39:04,183 - INFO - [GPU Worker] GPU 3 had completed 1950 matmul operations
2025-06-13 16:39:04,245 - INFO - [GPU Worker] GPU 2 had completed 1900 matmul operations
2025-06-13 16:39:04,790 - INFO - [GPU Worker] GPU 1 had completed 2000 matmul operations
2025-06-13 16:39:05,643 - INFO - [GPU Worker] GPU 0 had completed 2000 matmul operations
2025-06-13 16:39:06,242 - INFO - [GPU Worker] GPU 3 had completed 2000 matmul operations
2025-06-13 16:39:06,244 - INFO - [GPU Worker] GPU 2 had completed 1950 matmul operations
2025-06-13 16:39:06,742 - INFO - [GPU Worker] GPU 1 had completed 2050 matmul operations
2025-06-13 16:39:07,641 - INFO - [GPU Worker] GPU 0 had completed 2050 matmul operations
2025-06-13 16:39:08,172 - INFO - [GPU Worker] GPU 3 had completed 2050 matmul operations
2025-06-13 16:39:08,260 - INFO - [GPU Worker] GPU 2 had completed 2000 matmul operations
2025-06-13 16:39:08,646 - INFO - [GPU Worker] GPU 1 had completed 2100 matmul operations
2025-06-13 16:39:09,660 - INFO - [GPU Worker] GPU 0 had completed 2100 matmul operations
2025-06-13 16:39:10,157 - INFO - [GPU Worker] GPU 3 had completed 2100 matmul operations
2025-06-13 16:39:10,258 - INFO - [GPU Worker] GPU 2 had completed 2050 matmul operations
2025-06-13 16:39:10,556 - INFO - [GPU Worker] GPU 1 had completed 2150 matmul operations
2025-06-13 16:39:11,644 - INFO - [GPU Worker] GPU 0 had completed 2150 matmul operations
2025-06-13 16:39:12,142 - INFO - [GPU Worker] GPU 3 had completed 2150 matmul operations
2025-06-13 16:39:12,256 - INFO - [GPU Worker] GPU 2 had completed 2100 matmul operations
2025-06-13 16:39:12,471 - INFO - [GPU Worker] GPU 1 had completed 2200 matmul operations
2025-06-13 16:39:13,261 - INFO - [CPU Worker 2] had completed 300 matmul operations
2025-06-13 16:39:13,659 - INFO - [GPU Worker] GPU 0 had completed 2200 matmul operations
2025-06-13 16:39:14,142 - INFO - [GPU Worker] GPU 3 had completed 2200 matmul operations
2025-06-13 16:39:14,259 - INFO - [GPU Worker] GPU 2 had completed 2150 matmul operations
2025-06-13 16:39:14,442 - INFO - [GPU Worker] GPU 1 had completed 2250 matmul operations
2025-06-13 16:39:14,469 - INFO - [CPU Worker 1] had completed 300 matmul operations
2025-06-13 16:39:15,660 - INFO - [GPU Worker] GPU 0 had completed 2250 matmul operations
2025-06-13 16:39:15,741 - INFO - [CPU Worker 0] had completed 300 matmul operations
2025-06-13 16:39:16,082 - INFO - [GPU Worker] GPU 3 had completed 2250 matmul operations
2025-06-13 16:39:16,263 - INFO - [GPU Worker] GPU 2 had completed 2200 matmul operations
2025-06-13 16:39:16,367 - INFO - [GPU Worker] GPU 1 had completed 2300 matmul operations
2025-06-13 16:39:17,643 - INFO - [GPU Worker] GPU 0 had completed 2300 matmul operations
2025-06-13 16:39:18,059 - INFO - [GPU Worker] GPU 3 had completed 2300 matmul operations
2025-06-13 16:39:18,273 - INFO - [GPU Worker] GPU 2 had completed 2250 matmul operations
2025-06-13 16:39:18,285 - INFO - [GPU Worker] GPU 1 had completed 2350 matmul operations
2025-06-13 16:39:19,643 - INFO - [GPU Worker] GPU 0 had completed 2350 matmul operations
2025-06-13 16:39:20,045 - INFO - [GPU Worker] GPU 3 had completed 2350 matmul operations
2025-06-13 16:39:20,243 - INFO - [GPU Worker] GPU 1 had completed 2400 matmul operations
2025-06-13 16:39:20,352 - INFO - [GPU Worker] GPU 2 had completed 2300 matmul operations
2025-06-13 16:39:21,644 - INFO - [GPU Worker] GPU 0 had completed 2400 matmul operations
2025-06-13 16:39:22,067 - INFO - [GPU Worker] GPU 3 had completed 2400 matmul operations
2025-06-13 16:39:22,158 - INFO - [GPU Worker] GPU 1 had completed 2450 matmul operations
2025-06-13 16:39:22,390 - INFO - [GPU Worker] GPU 2 had completed 2350 matmul operations
2025-06-13 16:39:23,644 - INFO - [GPU Worker] GPU 0 had completed 2450 matmul operations
2025-06-13 16:39:24,044 - INFO - [GPU Worker] GPU 3 had completed 2450 matmul operations
2025-06-13 16:39:24,084 - INFO - [GPU Worker] GPU 1 had completed 2500 matmul operations
2025-06-13 16:39:24,444 - INFO - [GPU Worker] GPU 2 had completed 2400 matmul operations
2025-06-13 16:39:25,646 - INFO - [GPU Worker] GPU 0 had completed 2500 matmul operations
2025-06-13 16:39:25,984 - INFO - [GPU Worker] GPU 3 had completed 2500 matmul operations
2025-06-13 16:39:26,044 - INFO - [GPU Worker] GPU 1 had completed 2550 matmul operations
2025-06-13 16:39:26,476 - INFO - [GPU Worker] GPU 2 had completed 2450 matmul operations
2025-06-13 16:39:27,644 - INFO - [GPU Worker] GPU 0 had completed 2550 matmul operations
2025-06-13 16:39:27,959 - INFO - [GPU Worker] GPU 3 had completed 2550 matmul operations
2025-06-13 16:39:27,960 - INFO - [GPU Worker] GPU 1 had completed 2600 matmul operations
2025-06-13 16:39:28,543 - INFO - [GPU Worker] GPU 2 had completed 2500 matmul operations
2025-06-13 16:39:29,644 - INFO - [GPU Worker] GPU 0 had completed 2600 matmul operations
2025-06-13 16:39:29,880 - INFO - [GPU Worker] GPU 1 had completed 2650 matmul operations
2025-06-13 16:39:29,887 - INFO - [GPU Worker] GPU 3 had completed 2600 matmul operations
2025-06-13 16:39:30,571 - INFO - [GPU Worker] GPU 2 had completed 2550 matmul operations
2025-06-13 16:39:31,654 - INFO - [GPU Worker] GPU 0 had completed 2650 matmul operations
2025-06-13 16:39:31,843 - INFO - [GPU Worker] GPU 1 had completed 2700 matmul operations
2025-06-13 16:39:31,855 - INFO - [GPU Worker] GPU 3 had completed 2650 matmul operations
2025-06-13 16:39:32,667 - INFO - [GPU Worker] GPU 2 had completed 2600 matmul operations
2025-06-13 16:39:33,646 - INFO - [GPU Worker] GPU 0 had completed 2700 matmul operations
2025-06-13 16:39:33,760 - INFO - [GPU Worker] GPU 1 had completed 2750 matmul operations
2025-06-13 16:39:33,844 - INFO - [GPU Worker] GPU 3 had completed 2700 matmul operations
2025-06-13 16:39:34,768 - INFO - [GPU Worker] GPU 2 had completed 2650 matmul operations
2025-06-13 16:39:35,644 - INFO - [GPU Worker] GPU 0 had completed 2750 matmul operations
2025-06-13 16:39:35,742 - INFO - [GPU Worker] GPU 1 had completed 2800 matmul operations
2025-06-13 16:39:35,777 - INFO - [GPU Worker] GPU 3 had completed 2750 matmul operations
2025-06-13 16:39:36,848 - INFO - [GPU Worker] GPU 2 had completed 2700 matmul operations
2025-06-13 16:39:37,646 - INFO - [GPU Worker] GPU 0 had completed 2800 matmul operations
2025-06-13 16:39:37,687 - INFO - [GPU Worker] GPU 1 had completed 2850 matmul operations
2025-06-13 16:39:37,745 - INFO - [GPU Worker] GPU 3 had completed 2800 matmul operations
2025-06-13 16:39:38,951 - INFO - [GPU Worker] GPU 2 had completed 2750 matmul operations
2025-06-13 16:39:39,645 - INFO - [GPU Worker] GPU 1 had completed 2900 matmul operations
2025-06-13 16:39:39,646 - INFO - [GPU Worker] GPU 0 had completed 2850 matmul operations
2025-06-13 16:39:39,679 - INFO - [GPU Worker] GPU 3 had completed 2850 matmul operations
2025-06-13 16:39:40,991 - INFO - [GPU Worker] GPU 2 had completed 2800 matmul operations
2025-06-13 16:39:41,575 - INFO - [GPU Worker] GPU 1 had completed 2950 matmul operations
2025-06-13 16:39:41,644 - INFO - [GPU Worker] GPU 3 had completed 2900 matmul operations
2025-06-13 16:39:41,649 - INFO - [GPU Worker] GPU 0 had completed 2900 matmul operations
2025-06-13 16:39:42,245 - INFO - [CPU Worker 2] had completed 400 matmul operations
2025-06-13 16:39:42,757 - INFO - [CPU Worker 1] had completed 400 matmul operations
2025-06-13 16:39:43,044 - INFO - [GPU Worker] GPU 2 had completed 2850 matmul operations
2025-06-13 16:39:43,490 - INFO - [GPU Worker] GPU 1 had completed 3000 matmul operations
2025-06-13 16:39:43,574 - INFO - [GPU Worker] GPU 3 had completed 2950 matmul operations
2025-06-13 16:39:43,643 - INFO - [GPU Worker] GPU 0 had completed 2950 matmul operations
2025-06-13 16:39:43,742 - INFO - [CPU Worker 0] had completed 400 matmul operations
2025-06-13 16:39:45,084 - INFO - [GPU Worker] GPU 2 had completed 2900 matmul operations
2025-06-13 16:39:45,460 - INFO - [GPU Worker] GPU 1 had completed 3050 matmul operations
2025-06-13 16:39:45,544 - INFO - [GPU Worker] GPU 3 had completed 3000 matmul operations
2025-06-13 16:39:45,643 - INFO - [GPU Worker] GPU 0 had completed 3000 matmul operations
2025-06-13 16:39:47,152 - INFO - [GPU Worker] GPU 2 had completed 2950 matmul operations
2025-06-13 16:39:47,380 - INFO - [GPU Worker] GPU 1 had completed 3100 matmul operations
2025-06-13 16:39:47,473 - INFO - [GPU Worker] GPU 3 had completed 3050 matmul operations
2025-06-13 16:39:47,643 - INFO - [GPU Worker] GPU 0 had completed 3050 matmul operations
2025-06-13 16:39:49,245 - INFO - [GPU Worker] GPU 2 had completed 3000 matmul operations
2025-06-13 16:39:49,346 - INFO - [GPU Worker] GPU 1 had completed 3150 matmul operations
2025-06-13 16:39:49,443 - INFO - [GPU Worker] GPU 3 had completed 3100 matmul operations
2025-06-13 16:39:49,660 - INFO - [GPU Worker] GPU 0 had completed 3100 matmul operations
2025-06-13 16:39:51,271 - INFO - [GPU Worker] GPU 1 had completed 3200 matmul operations
2025-06-13 16:39:51,342 - INFO - [GPU Worker] GPU 2 had completed 3050 matmul operations
2025-06-13 16:39:51,373 - INFO - [GPU Worker] GPU 3 had completed 3150 matmul operations
2025-06-13 16:39:51,645 - INFO - [GPU Worker] GPU 0 had completed 3150 matmul operations
2025-06-13 16:39:53,242 - INFO - [GPU Worker] GPU 1 had completed 3250 matmul operations
2025-06-13 16:39:53,344 - INFO - [GPU Worker] GPU 3 had completed 3200 matmul operations
2025-06-13 16:39:53,442 - INFO - [GPU Worker] GPU 2 had completed 3100 matmul operations
2025-06-13 16:39:53,646 - INFO - [GPU Worker] GPU 0 had completed 3200 matmul operations
2025-06-13 16:39:55,159 - INFO - [GPU Worker] GPU 1 had completed 3300 matmul operations
2025-06-13 16:39:55,278 - INFO - [GPU Worker] GPU 3 had completed 3250 matmul operations
2025-06-13 16:39:55,542 - INFO - [GPU Worker] GPU 2 had completed 3150 matmul operations
2025-06-13 16:39:55,668 - INFO - [GPU Worker] GPU 0 had completed 3250 matmul operations
2025-06-13 16:39:57,091 - INFO - [GPU Worker] GPU 1 had completed 3350 matmul operations
2025-06-13 16:39:57,243 - INFO - [GPU Worker] GPU 3 had completed 3300 matmul operations
2025-06-13 16:39:57,650 - INFO - [GPU Worker] GPU 2 had completed 3200 matmul operations
2025-06-13 16:39:57,687 - INFO - [GPU Worker] GPU 0 had completed 3300 matmul operations
2025-06-13 16:39:59,044 - INFO - [GPU Worker] GPU 1 had completed 3400 matmul operations
2025-06-13 16:39:59,180 - INFO - [GPU Worker] GPU 3 had completed 3350 matmul operations
2025-06-13 16:39:59,667 - INFO - [GPU Worker] GPU 0 had completed 3350 matmul operations
2025-06-13 16:39:59,745 - INFO - [GPU Worker] GPU 2 had completed 3250 matmul operations
2025-06-13 16:40:00,960 - INFO - [GPU Worker] GPU 1 had completed 3450 matmul operations
2025-06-13 16:40:01,143 - INFO - [GPU Worker] GPU 3 had completed 3400 matmul operations
2025-06-13 16:40:01,662 - INFO - [GPU Worker] GPU 0 had completed 3400 matmul operations
2025-06-13 16:40:01,844 - INFO - [GPU Worker] GPU 2 had completed 3300 matmul operations
2025-06-13 16:40:02,949 - INFO - [GPU Worker] GPU 1 had completed 3500 matmul operations
2025-06-13 16:40:03,083 - INFO - [GPU Worker] GPU 3 had completed 3450 matmul operations
2025-06-13 16:40:03,645 - INFO - [GPU Worker] GPU 0 had completed 3450 matmul operations
2025-06-13 16:40:03,956 - INFO - [GPU Worker] GPU 2 had completed 3350 matmul operations
2025-06-13 16:40:04,871 - INFO - [GPU Worker] GPU 1 had completed 3550 matmul operations
2025-06-13 16:40:05,044 - INFO - [GPU Worker] GPU 3 had completed 3500 matmul operations
2025-06-13 16:40:05,652 - INFO - [GPU Worker] GPU 0 had completed 3500 matmul operations
2025-06-13 16:40:06,043 - INFO - [GPU Worker] GPU 2 had completed 3400 matmul operations
2025-06-13 16:40:06,842 - INFO - [GPU Worker] GPU 1 had completed 3600 matmul operations
2025-06-13 16:40:06,984 - INFO - [GPU Worker] GPU 3 had completed 3550 matmul operations
2025-06-13 16:40:07,644 - INFO - [GPU Worker] GPU 0 had completed 3550 matmul operations
2025-06-13 16:40:08,160 - INFO - [GPU Worker] GPU 2 had completed 3450 matmul operations
2025-06-13 16:40:08,763 - INFO - [GPU Worker] GPU 1 had completed 3650 matmul operations
2025-06-13 16:40:08,957 - INFO - [GPU Worker] GPU 3 had completed 3600 matmul operations
2025-06-13 16:40:09,665 - INFO - [GPU Worker] GPU 0 had completed 3600 matmul operations
2025-06-13 16:40:10,259 - INFO - [GPU Worker] GPU 2 had completed 3500 matmul operations
2025-06-13 16:40:10,766 - INFO - [GPU Worker] GPU 1 had completed 3700 matmul operations
2025-06-13 16:40:10,869 - INFO - [CPU Worker 2] had completed 500 matmul operations
2025-06-13 16:40:10,952 - INFO - [GPU Worker] GPU 3 had completed 3650 matmul operations
2025-06-13 16:40:11,469 - INFO - [CPU Worker 1] had completed 500 matmul operations
2025-06-13 16:40:11,652 - INFO - [GPU Worker] GPU 0 had completed 3650 matmul operations
2025-06-13 16:40:12,351 - INFO - [GPU Worker] GPU 2 had completed 3550 matmul operations
2025-06-13 16:40:12,657 - INFO - [CPU Worker 0] had completed 500 matmul operations
2025-06-13 16:40:12,743 - INFO - [GPU Worker] GPU 1 had completed 3750 matmul operations
2025-06-13 16:40:12,944 - INFO - [GPU Worker] GPU 3 had completed 3700 matmul operations
2025-06-13 16:40:13,645 - INFO - [GPU Worker] GPU 0 had completed 3700 matmul operations
2025-06-13 16:40:14,455 - INFO - [GPU Worker] GPU 2 had completed 3600 matmul operations
2025-06-13 16:40:14,684 - INFO - [GPU Worker] GPU 1 had completed 3800 matmul operations
2025-06-13 16:40:14,948 - INFO - [GPU Worker] GPU 3 had completed 3750 matmul operations
2025-06-13 16:40:15,689 - INFO - [GPU Worker] GPU 0 had completed 3750 matmul operations
2025-06-13 16:40:16,544 - INFO - [GPU Worker] GPU 2 had completed 3650 matmul operations
2025-06-13 16:40:16,645 - INFO - [GPU Worker] GPU 1 had completed 3850 matmul operations
2025-06-13 16:40:16,885 - INFO - [GPU Worker] GPU 3 had completed 3800 matmul operations
2025-06-13 16:40:17,680 - INFO - [GPU Worker] GPU 0 had completed 3800 matmul operations
2025-06-13 16:40:18,564 - INFO - [GPU Worker] GPU 1 had completed 3900 matmul operations
2025-06-13 16:40:18,643 - INFO - [GPU Worker] GPU 2 had completed 3700 matmul operations
2025-06-13 16:40:18,844 - INFO - [GPU Worker] GPU 3 had completed 3850 matmul operations
2025-06-13 16:40:19,669 - INFO - [GPU Worker] GPU 0 had completed 3850 matmul operations
2025-06-13 16:40:20,544 - INFO - [GPU Worker] GPU 1 had completed 3950 matmul operations
2025-06-13 16:40:20,753 - INFO - [GPU Worker] GPU 2 had completed 3750 matmul operations
2025-06-13 16:40:20,782 - INFO - [GPU Worker] GPU 3 had completed 3900 matmul operations
2025-06-13 16:40:21,660 - INFO - [GPU Worker] GPU 0 had completed 3900 matmul operations
2025-06-13 16:40:22,473 - INFO - [GPU Worker] GPU 1 had completed 4000 matmul operations
2025-06-13 16:40:22,744 - INFO - [GPU Worker] GPU 3 had completed 3950 matmul operations
2025-06-13 16:40:22,844 - INFO - [GPU Worker] GPU 2 had completed 3800 matmul operations
2025-06-13 16:40:23,675 - INFO - [GPU Worker] GPU 0 had completed 3950 matmul operations
2025-06-13 16:40:24,466 - INFO - [GPU Worker] GPU 1 had completed 4050 matmul operations
2025-06-13 16:40:24,742 - INFO - [GPU Worker] GPU 3 had completed 4000 matmul operations
2025-06-13 16:40:24,943 - INFO - [GPU Worker] GPU 2 had completed 3850 matmul operations
2025-06-13 16:40:25,742 - INFO - [GPU Worker] GPU 0 had completed 4000 matmul operations
2025-06-13 16:40:26,466 - INFO - [GPU Worker] GPU 1 had completed 4100 matmul operations
2025-06-13 16:40:26,677 - INFO - [GPU Worker] GPU 3 had completed 4050 matmul operations
2025-06-13 16:40:27,044 - INFO - [GPU Worker] GPU 2 had completed 3900 matmul operations
2025-06-13 16:40:27,752 - INFO - [GPU Worker] GPU 0 had completed 4050 matmul operations
2025-06-13 16:40:28,443 - INFO - [GPU Worker] GPU 1 had completed 4150 matmul operations
2025-06-13 16:40:28,681 - INFO - [GPU Worker] GPU 3 had completed 4100 matmul operations
2025-06-13 16:40:29,159 - INFO - [GPU Worker] GPU 2 had completed 3950 matmul operations
2025-06-13 16:40:29,744 - INFO - [GPU Worker] GPU 0 had completed 4100 matmul operations
2025-06-13 16:40:30,363 - INFO - [GPU Worker] GPU 1 had completed 4200 matmul operations
2025-06-13 16:40:30,644 - INFO - [GPU Worker] GPU 3 had completed 4150 matmul operations
2025-06-13 16:40:31,253 - INFO - [GPU Worker] GPU 2 had completed 4000 matmul operations
2025-06-13 16:40:31,744 - INFO - [GPU Worker] GPU 0 had completed 4150 matmul operations
2025-06-13 16:40:32,285 - INFO - [GPU Worker] GPU 1 had completed 4250 matmul operations
2025-06-13 16:40:32,578 - INFO - [GPU Worker] GPU 3 had completed 4200 matmul operations
2025-06-13 16:40:33,356 - INFO - [GPU Worker] GPU 2 had completed 4050 matmul operations
2025-06-13 16:40:33,745 - INFO - [GPU Worker] GPU 0 had completed 4200 matmul operations
2025-06-13 16:40:34,271 - INFO - [GPU Worker] GPU 1 had completed 4300 matmul operations
2025-06-13 16:40:34,544 - INFO - [GPU Worker] GPU 3 had completed 4250 matmul operations
2025-06-13 16:40:35,480 - INFO - [GPU Worker] GPU 2 had completed 4100 matmul operations
2025-06-13 16:40:35,760 - INFO - [GPU Worker] GPU 0 had completed 4250 matmul operations
2025-06-13 16:40:36,258 - INFO - [GPU Worker] GPU 1 had completed 4350 matmul operations
2025-06-13 16:40:36,478 - INFO - [GPU Worker] GPU 3 had completed 4300 matmul operations
2025-06-13 16:40:37,566 - INFO - [GPU Worker] GPU 2 had completed 4150 matmul operations
2025-06-13 16:40:37,767 - INFO - [GPU Worker] GPU 0 had completed 4300 matmul operations
2025-06-13 16:40:38,242 - INFO - [GPU Worker] GPU 1 had completed 4400 matmul operations
2025-06-13 16:40:38,444 - INFO - [GPU Worker] GPU 3 had completed 4350 matmul operations
2025-06-13 16:40:39,644 - INFO - [GPU Worker] GPU 2 had completed 4200 matmul operations
2025-06-13 16:40:39,758 - INFO - [GPU Worker] GPU 0 had completed 4350 matmul operations
2025-06-13 16:40:40,049 - INFO - [CPU Worker 1] had completed 600 matmul operations
2025-06-13 16:40:40,174 - INFO - [GPU Worker] GPU 1 had completed 4450 matmul operations
2025-06-13 16:40:40,379 - INFO - [GPU Worker] GPU 3 had completed 4400 matmul operations
2025-06-13 16:40:40,464 - INFO - [CPU Worker 2] had completed 600 matmul operations
2025-06-13 16:40:41,744 - INFO - [GPU Worker] GPU 2 had completed 4250 matmul operations
2025-06-13 16:40:41,760 - INFO - [GPU Worker] GPU 0 had completed 4400 matmul operations
2025-06-13 16:40:41,957 - INFO - [CPU Worker 0] had completed 600 matmul operations
2025-06-13 16:40:42,150 - INFO - [GPU Worker] GPU 1 had completed 4500 matmul operations
2025-06-13 16:40:42,359 - INFO - [GPU Worker] GPU 3 had completed 4450 matmul operations
2025-06-13 16:40:43,758 - INFO - [GPU Worker] GPU 0 had completed 4450 matmul operations
2025-06-13 16:40:43,844 - INFO - [GPU Worker] GPU 2 had completed 4300 matmul operations
2025-06-13 16:40:44,070 - INFO - [GPU Worker] GPU 1 had completed 4550 matmul operations
2025-06-13 16:40:44,351 - INFO - [GPU Worker] GPU 3 had completed 4500 matmul operations
2025-06-13 16:40:45,763 - INFO - [GPU Worker] GPU 0 had completed 4500 matmul operations
2025-06-13 16:40:45,945 - INFO - [GPU Worker] GPU 2 had completed 4350 matmul operations
2025-06-13 16:40:46,042 - INFO - [GPU Worker] GPU 1 had completed 4600 matmul operations
2025-06-13 16:40:46,372 - INFO - [GPU Worker] GPU 3 had completed 4550 matmul operations
2025-06-13 16:40:47,762 - INFO - [GPU Worker] GPU 0 had completed 4550 matmul operations
2025-06-13 16:40:47,965 - INFO - [GPU Worker] GPU 1 had completed 4650 matmul operations
2025-06-13 16:40:48,043 - INFO - [GPU Worker] GPU 2 had completed 4400 matmul operations
2025-06-13 16:40:48,345 - INFO - [GPU Worker] GPU 3 had completed 4600 matmul operations
2025-06-13 16:40:49,763 - INFO - [GPU Worker] GPU 0 had completed 4600 matmul operations
2025-06-13 16:40:49,878 - INFO - [GPU Worker] GPU 1 had completed 4700 matmul operations
2025-06-13 16:40:50,158 - INFO - [GPU Worker] GPU 2 had completed 4450 matmul operations
2025-06-13 16:40:50,285 - INFO - [GPU Worker] GPU 3 had completed 4650 matmul operations
2025-06-13 16:40:51,778 - INFO - [GPU Worker] GPU 0 had completed 4650 matmul operations
2025-06-13 16:40:51,844 - INFO - [GPU Worker] GPU 1 had completed 4750 matmul operations
2025-06-13 16:40:52,255 - INFO - [GPU Worker] GPU 3 had completed 4700 matmul operations
2025-06-13 16:40:52,256 - INFO - [GPU Worker] GPU 2 had completed 4500 matmul operations
2025-06-13 16:40:53,771 - INFO - [GPU Worker] GPU 1 had completed 4800 matmul operations
2025-06-13 16:40:53,789 - INFO - [GPU Worker] GPU 0 had completed 4700 matmul operations
2025-06-13 16:40:54,242 - INFO - [GPU Worker] GPU 3 had completed 4750 matmul operations
2025-06-13 16:40:54,359 - INFO - [GPU Worker] GPU 2 had completed 4550 matmul operations
2025-06-13 16:40:55,744 - INFO - [GPU Worker] GPU 1 had completed 4850 matmul operations
2025-06-13 16:40:55,789 - INFO - [GPU Worker] GPU 0 had completed 4750 matmul operations
2025-06-13 16:40:56,176 - INFO - [GPU Worker] GPU 3 had completed 4800 matmul operations
2025-06-13 16:40:56,444 - INFO - [GPU Worker] GPU 2 had completed 4600 matmul operations
2025-06-13 16:40:57,677 - INFO - [GPU Worker] GPU 1 had completed 4900 matmul operations
2025-06-13 16:40:57,844 - INFO - [GPU Worker] GPU 0 had completed 4800 matmul operations
2025-06-13 16:40:58,144 - INFO - [GPU Worker] GPU 3 had completed 4850 matmul operations
2025-06-13 16:40:58,549 - INFO - [GPU Worker] GPU 2 had completed 4650 matmul operations
2025-06-13 16:40:59,644 - INFO - [GPU Worker] GPU 1 had completed 4950 matmul operations
2025-06-13 16:40:59,844 - INFO - [GPU Worker] GPU 0 had completed 4850 matmul operations
2025-06-13 16:41:00,077 - INFO - [GPU Worker] GPU 3 had completed 4900 matmul operations
2025-06-13 16:41:00,645 - INFO - [GPU Worker] GPU 2 had completed 4700 matmul operations
2025-06-13 16:41:01,563 - INFO - [GPU Worker] GPU 1 had completed 5000 matmul operations
2025-06-13 16:41:01,874 - INFO - [GPU Worker] GPU 0 had completed 4900 matmul operations
2025-06-13 16:41:02,044 - INFO - [GPU Worker] GPU 3 had completed 4950 matmul operations
2025-06-13 16:41:02,744 - INFO - [GPU Worker] GPU 2 had completed 4750 matmul operations
2025-06-13 16:41:03,542 - INFO - [GPU Worker] GPU 1 had completed 5050 matmul operations
2025-06-13 16:41:03,868 - INFO - [GPU Worker] GPU 0 had completed 4950 matmul operations
2025-06-13 16:41:03,978 - INFO - [GPU Worker] GPU 3 had completed 5000 matmul operations
2025-06-13 16:41:04,874 - INFO - [GPU Worker] GPU 2 had completed 4800 matmul operations
2025-06-13 16:41:05,473 - INFO - [GPU Worker] GPU 1 had completed 5100 matmul operations
2025-06-13 16:41:05,865 - INFO - [GPU Worker] GPU 0 had completed 5000 matmul operations
2025-06-13 16:41:05,954 - INFO - [GPU Worker] GPU 3 had completed 5050 matmul operations
2025-06-13 16:41:06,983 - INFO - [GPU Worker] GPU 2 had completed 4850 matmul operations
2025-06-13 16:41:07,458 - INFO - [GPU Worker] GPU 1 had completed 5150 matmul operations
2025-06-13 16:41:07,871 - INFO - [GPU Worker] GPU 0 had completed 5050 matmul operations
2025-06-13 16:41:07,944 - INFO - [GPU Worker] GPU 3 had completed 5100 matmul operations
2025-06-13 16:41:08,960 - INFO - [CPU Worker 1] had completed 700 matmul operations
2025-06-13 16:41:09,057 - INFO - [GPU Worker] GPU 2 had completed 4900 matmul operations
2025-06-13 16:41:09,165 - INFO - [CPU Worker 2] had completed 700 matmul operations
2025-06-13 16:41:09,377 - INFO - [GPU Worker] GPU 1 had completed 5200 matmul operations
2025-06-13 16:41:09,871 - INFO - [GPU Worker] GPU 0 had completed 5100 matmul operations
2025-06-13 16:41:09,879 - INFO - [GPU Worker] GPU 3 had completed 5150 matmul operations
2025-06-13 16:41:10,342 - INFO - [CPU Worker 0] had completed 700 matmul operations
2025-06-13 16:41:11,146 - INFO - [GPU Worker] GPU 2 had completed 4950 matmul operations
2025-06-13 16:41:11,357 - INFO - [GPU Worker] GPU 1 had completed 5250 matmul operations
2025-06-13 16:41:11,844 - INFO - [GPU Worker] GPU 3 had completed 5200 matmul operations
2025-06-13 16:41:11,881 - INFO - [GPU Worker] GPU 0 had completed 5150 matmul operations
2025-06-13 16:41:13,259 - INFO - [GPU Worker] GPU 2 had completed 5000 matmul operations
2025-06-13 16:41:13,276 - INFO - [GPU Worker] GPU 1 had completed 5300 matmul operations
2025-06-13 16:41:13,846 - INFO - [GPU Worker] GPU 3 had completed 5250 matmul operations
2025-06-13 16:41:13,962 - INFO - [GPU Worker] GPU 0 had completed 5200 matmul operations
2025-06-13 16:41:15,243 - INFO - [GPU Worker] GPU 1 had completed 5350 matmul operations
2025-06-13 16:41:15,344 - INFO - [GPU Worker] GPU 2 had completed 5050 matmul operations
2025-06-13 16:41:15,783 - INFO - [GPU Worker] GPU 3 had completed 5300 matmul operations
2025-06-13 16:41:15,964 - INFO - [GPU Worker] GPU 0 had completed 5250 matmul operations
2025-06-13 16:41:17,182 - INFO - [GPU Worker] GPU 1 had completed 5400 matmul operations
2025-06-13 16:41:17,444 - INFO - [GPU Worker] GPU 2 had completed 5100 matmul operations
2025-06-13 16:41:17,843 - INFO - [GPU Worker] GPU 3 had completed 5350 matmul operations
2025-06-13 16:41:17,974 - INFO - [GPU Worker] GPU 0 had completed 5300 matmul operations
2025-06-13 16:41:19,144 - INFO - [GPU Worker] GPU 1 had completed 5450 matmul operations
2025-06-13 16:41:19,547 - INFO - [GPU Worker] GPU 2 had completed 5150 matmul operations
2025-06-13 16:41:19,877 - INFO - [GPU Worker] GPU 3 had completed 5400 matmul operations
2025-06-13 16:41:20,042 - INFO - [GPU Worker] GPU 0 had completed 5350 matmul operations
2025-06-13 16:41:21,062 - INFO - [GPU Worker] GPU 1 had completed 5500 matmul operations
2025-06-13 16:41:21,644 - INFO - [GPU Worker] GPU 2 had completed 5200 matmul operations
2025-06-13 16:41:21,844 - INFO - [GPU Worker] GPU 3 had completed 5450 matmul operations
2025-06-13 16:41:22,055 - INFO - [GPU Worker] GPU 0 had completed 5400 matmul operations
2025-06-13 16:41:23,042 - INFO - [GPU Worker] GPU 1 had completed 5550 matmul operations
2025-06-13 16:41:23,744 - INFO - [GPU Worker] GPU 2 had completed 5250 matmul operations
2025-06-13 16:41:23,842 - INFO - [GPU Worker] GPU 3 had completed 5500 matmul operations
2025-06-13 16:41:24,071 - INFO - [GPU Worker] GPU 0 had completed 5450 matmul operations
2025-06-13 16:41:24,983 - INFO - [GPU Worker] GPU 1 had completed 5600 matmul operations
2025-06-13 16:41:25,777 - INFO - [GPU Worker] GPU 3 had completed 5550 matmul operations
2025-06-13 16:41:25,844 - INFO - [GPU Worker] GPU 2 had completed 5300 matmul operations
2025-06-13 16:41:26,143 - INFO - [GPU Worker] GPU 0 had completed 5500 matmul operations
2025-06-13 16:41:26,963 - INFO - [GPU Worker] GPU 1 had completed 5650 matmul operations
2025-06-13 16:41:27,767 - INFO - [GPU Worker] GPU 3 had completed 5600 matmul operations
2025-06-13 16:41:27,943 - INFO - [GPU Worker] GPU 2 had completed 5350 matmul operations
2025-06-13 16:41:28,144 - INFO - [GPU Worker] GPU 0 had completed 5550 matmul operations
2025-06-13 16:41:28,883 - INFO - [GPU Worker] GPU 1 had completed 5700 matmul operations
2025-06-13 16:41:29,744 - INFO - [GPU Worker] GPU 3 had completed 5650 matmul operations
2025-06-13 16:41:30,044 - INFO - [GPU Worker] GPU 2 had completed 5400 matmul operations
2025-06-13 16:41:30,170 - INFO - [GPU Worker] GPU 0 had completed 5600 matmul operations
2025-06-13 16:41:30,859 - INFO - [GPU Worker] GPU 1 had completed 5750 matmul operations
2025-06-13 16:41:31,689 - INFO - [GPU Worker] GPU 3 had completed 5700 matmul operations
2025-06-13 16:41:32,144 - INFO - [GPU Worker] GPU 2 had completed 5450 matmul operations
2025-06-13 16:41:32,171 - INFO - [GPU Worker] GPU 0 had completed 5650 matmul operations
2025-06-13 16:41:32,843 - INFO - [GPU Worker] GPU 1 had completed 5800 matmul operations
2025-06-13 16:41:33,643 - INFO - [GPU Worker] GPU 3 had completed 5750 matmul operations
2025-06-13 16:41:34,168 - INFO - [GPU Worker] GPU 0 had completed 5700 matmul operations
2025-06-13 16:41:34,244 - INFO - [GPU Worker] GPU 2 had completed 5500 matmul operations
2025-06-13 16:41:34,764 - INFO - [GPU Worker] GPU 1 had completed 5850 matmul operations
2025-06-13 16:41:35,668 - INFO - [GPU Worker] GPU 3 had completed 5800 matmul operations
2025-06-13 16:41:36,242 - INFO - [GPU Worker] GPU 0 had completed 5750 matmul operations
2025-06-13 16:41:36,345 - INFO - [GPU Worker] GPU 2 had completed 5550 matmul operations
2025-06-13 16:41:36,682 - INFO - [GPU Worker] GPU 1 had completed 5900 matmul operations
2025-06-13 16:41:37,565 - INFO - [CPU Worker 2] had completed 800 matmul operations
2025-06-13 16:41:37,647 - INFO - [GPU Worker] GPU 3 had completed 5850 matmul operations
2025-06-13 16:41:38,245 - INFO - [GPU Worker] GPU 0 had completed 5800 matmul operations
2025-06-13 16:41:38,457 - INFO - [CPU Worker 1] had completed 800 matmul operations
2025-06-13 16:41:38,459 - INFO - [GPU Worker] GPU 2 had completed 5600 matmul operations
2025-06-13 16:41:38,653 - INFO - [GPU Worker] GPU 1 had completed 5950 matmul operations
2025-06-13 16:41:39,642 - INFO - [GPU Worker] GPU 3 had completed 5900 matmul operations
2025-06-13 16:41:39,954 - INFO - [CPU Worker 0] had completed 800 matmul operations
2025-06-13 16:41:40,245 - INFO - [GPU Worker] GPU 0 had completed 5850 matmul operations
2025-06-13 16:41:40,580 - INFO - [GPU Worker] GPU 2 had completed 5650 matmul operations
2025-06-13 16:41:40,643 - INFO - [GPU Worker] GPU 1 had completed 6000 matmul operations
2025-06-13 16:41:41,578 - INFO - [GPU Worker] GPU 3 had completed 5950 matmul operations
2025-06-13 16:41:42,250 - INFO - [GPU Worker] GPU 0 had completed 5900 matmul operations
2025-06-13 16:41:42,561 - INFO - [GPU Worker] GPU 1 had completed 6050 matmul operations
2025-06-13 16:41:42,662 - INFO - [GPU Worker] GPU 2 had completed 5700 matmul operations
2025-06-13 16:41:43,544 - INFO - [GPU Worker] GPU 3 had completed 6000 matmul operations
2025-06-13 16:41:44,253 - INFO - [GPU Worker] GPU 0 had completed 5950 matmul operations
2025-06-13 16:41:44,478 - INFO - [GPU Worker] GPU 1 had completed 6100 matmul operations
2025-06-13 16:41:44,744 - INFO - [GPU Worker] GPU 2 had completed 5750 matmul operations
2025-06-13 16:41:45,544 - INFO - [GPU Worker] GPU 3 had completed 6050 matmul operations
2025-06-13 16:41:46,259 - INFO - [GPU Worker] GPU 0 had completed 6000 matmul operations
2025-06-13 16:41:46,457 - INFO - [GPU Worker] GPU 1 had completed 6150 matmul operations
2025-06-13 16:41:46,854 - INFO - [GPU Worker] GPU 2 had completed 5800 matmul operations
2025-06-13 16:41:47,488 - INFO - [GPU Worker] GPU 3 had completed 6100 matmul operations
2025-06-13 16:41:48,262 - INFO - [GPU Worker] GPU 0 had completed 6050 matmul operations
2025-06-13 16:41:48,376 - INFO - [GPU Worker] GPU 1 had completed 6200 matmul operations
2025-06-13 16:41:48,944 - INFO - [GPU Worker] GPU 2 had completed 5850 matmul operations
2025-06-13 16:41:49,452 - INFO - [GPU Worker] GPU 3 had completed 6150 matmul operations
2025-06-13 16:41:50,266 - INFO - [GPU Worker] GPU 0 had completed 6100 matmul operations
2025-06-13 16:41:50,291 - INFO - [GPU Worker] GPU 1 had completed 6250 matmul operations
2025-06-13 16:41:51,043 - INFO - [GPU Worker] GPU 2 had completed 5900 matmul operations
2025-06-13 16:41:51,384 - INFO - [GPU Worker] GPU 3 had completed 6200 matmul operations
2025-06-13 16:41:52,268 - INFO - [GPU Worker] GPU 1 had completed 6300 matmul operations
2025-06-13 16:41:52,275 - INFO - [GPU Worker] GPU 0 had completed 6150 matmul operations
2025-06-13 16:41:53,160 - INFO - [GPU Worker] GPU 2 had completed 5950 matmul operations
2025-06-13 16:41:53,346 - INFO - [GPU Worker] GPU 3 had completed 6250 matmul operations
2025-06-13 16:41:54,244 - INFO - [GPU Worker] GPU 1 had completed 6350 matmul operations
2025-06-13 16:41:54,282 - INFO - [GPU Worker] GPU 0 had completed 6200 matmul operations
2025-06-13 16:41:55,244 - INFO - [GPU Worker] GPU 2 had completed 6000 matmul operations
2025-06-13 16:41:55,341 - INFO - [GPU Worker] GPU 3 had completed 6300 matmul operations
2025-06-13 16:41:56,167 - INFO - [GPU Worker] GPU 1 had completed 6400 matmul operations
2025-06-13 16:41:56,351 - INFO - [GPU Worker] GPU 0 had completed 6250 matmul operations
2025-06-13 16:41:57,244 - INFO - [GPU Worker] GPU 3 had completed 6350 matmul operations
2025-06-13 16:41:57,344 - INFO - [GPU Worker] GPU 2 had completed 6050 matmul operations
2025-06-13 16:41:58,144 - INFO - [GPU Worker] GPU 1 had completed 6450 matmul operations
2025-06-13 16:41:58,356 - INFO - [GPU Worker] GPU 0 had completed 6300 matmul operations
2025-06-13 16:41:59,175 - INFO - [GPU Worker] GPU 3 had completed 6400 matmul operations
2025-06-13 16:41:59,461 - INFO - [GPU Worker] GPU 2 had completed 6100 matmul operations
2025-06-13 16:42:00,062 - INFO - [GPU Worker] GPU 1 had completed 6500 matmul operations
2025-06-13 16:42:00,363 - INFO - [GPU Worker] GPU 0 had completed 6350 matmul operations
2025-06-13 16:42:01,160 - INFO - [GPU Worker] GPU 3 had completed 6450 matmul operations
2025-06-13 16:42:01,552 - INFO - [GPU Worker] GPU 2 had completed 6150 matmul operations
2025-06-13 16:42:02,044 - INFO - [GPU Worker] GPU 1 had completed 6550 matmul operations
2025-06-13 16:42:02,383 - INFO - [GPU Worker] GPU 0 had completed 6400 matmul operations
2025-06-13 16:42:03,157 - INFO - [GPU Worker] GPU 3 had completed 6500 matmul operations
2025-06-13 16:42:03,678 - INFO - [GPU Worker] GPU 2 had completed 6200 matmul operations
2025-06-13 16:42:03,973 - INFO - [GPU Worker] GPU 1 had completed 6600 matmul operations
2025-06-13 16:42:04,444 - INFO - [GPU Worker] GPU 0 had completed 6450 matmul operations
2025-06-13 16:42:05,151 - INFO - [GPU Worker] GPU 3 had completed 6550 matmul operations
2025-06-13 16:42:05,760 - INFO - [GPU Worker] GPU 2 had completed 6250 matmul operations
2025-06-13 16:42:05,944 - INFO - [GPU Worker] GPU 1 had completed 6650 matmul operations
2025-06-13 16:42:06,153 - INFO - [CPU Worker 2] had completed 900 matmul operations
2025-06-13 16:42:06,456 - INFO - [GPU Worker] GPU 0 had completed 6500 matmul operations
2025-06-13 16:42:06,741 - INFO - [CPU Worker 1] had completed 900 matmul operations
2025-06-13 16:42:07,159 - INFO - [GPU Worker] GPU 3 had completed 6600 matmul operations
2025-06-13 16:42:07,844 - INFO - [GPU Worker] GPU 2 had completed 6300 matmul operations
2025-06-13 16:42:07,863 - INFO - [GPU Worker] GPU 1 had completed 6700 matmul operations
2025-06-13 16:42:08,470 - INFO - [GPU Worker] GPU 0 had completed 6550 matmul operations
2025-06-13 16:42:08,989 - INFO - [CPU Worker 0] had completed 900 matmul operations
2025-06-13 16:42:09,144 - INFO - [GPU Worker] GPU 3 had completed 6650 matmul operations
2025-06-13 16:42:09,778 - INFO - [GPU Worker] GPU 1 had completed 6750 matmul operations
2025-06-13 16:42:09,944 - INFO - [GPU Worker] GPU 2 had completed 6350 matmul operations
2025-06-13 16:42:10,480 - INFO - [GPU Worker] GPU 0 had completed 6600 matmul operations
